  Homework1.cpp
C:\Users\serin\source\repos\Homework1\Homework1\Homework1.cpp(15,14): warning C4267: 'initializing': conversion from 'size_t' to 'int', possible loss of data
C:\Users\serin\source\repos\Homework1\Homework1\Homework1.cpp(16,10): warning C4267: 'initializing': conversion from 'size_t' to 'int', possible loss of data
C:\Users\serin\source\repos\Homework1\Homework1\Homework1.cpp(24,10): warning C4566: character represented by universal-character-name '\u041F' cannot be represented in the current code page (1252)
C:\Users\serin\source\repos\Homework1\Homework1\Homework1.cpp(24,10): warning C4566: character represented by universal-character-name '\u043E' cannot be represented in the current code page (1252)
C:\Users\serin\source\repos\Homework1\Homework1\Homework1.cpp(24,10): warning C4566: character represented by universal-character-name '\u0442' cannot be represented in the current code page (1252)
C:\Users\serin\source\repos\Homework1\Homework1\Homework1.cpp(24,10): warning C4566: character represented by universal-character-name '\u0440' cannot be represented in the current code page (1252)
C:\Users\serin\source\repos\Homework1\Homework1\Homework1.cpp(24,10): warning C4566: character represented by universal-character-name '\u0435' cannot be represented in the current code page (1252)
C:\Users\serin\source\repos\Homework1\Homework1\Homework1.cpp(24,10): warning C4566: character represented by universal-character-name '\u0431' cannot be represented in the current code page (1252)
C:\Users\serin\source\repos\Homework1\Homework1\Homework1.cpp(24,10): warning C4566: character represented by universal-character-name '\u0438' cannot be represented in the current code page (1252)
C:\Users\serin\source\repos\Homework1\Homework1\Homework1.cpp(24,10): warning C4566: character represented by universal-character-name '\u043B' cannot be represented in the current code page (1252)
C:\Users\serin\source\repos\Homework1\Homework1\Homework1.cpp(25,10): warning C4566: character represented by universal-character-name '\u0421' cannot be represented in the current code page (1252)
C:\Users\serin\source\repos\Homework1\Homework1\Homework1.cpp(25,10): warning C4566: character represented by universal-character-name '\u044A' cannot be represented in the current code page (1252)
C:\Users\serin\source\repos\Homework1\Homework1\Homework1.cpp(25,10): warning C4566: character represented by universal-character-name '\u0440' cannot be represented in the current code page (1252)
C:\Users\serin\source\repos\Homework1\Homework1\Homework1.cpp(25,10): warning C4566: character represented by universal-character-name '\u0432' cannot be represented in the current code page (1252)
C:\Users\serin\source\repos\Homework1\Homework1\Homework1.cpp(27,26): warning C4566: character represented by universal-character-name '\u041D' cannot be represented in the current code page (1252)
C:\Users\serin\source\repos\Homework1\Homework1\Homework1.cpp(27,26): warning C4566: character represented by universal-character-name '\u0430' cannot be represented in the current code page (1252)
C:\Users\serin\source\repos\Homework1\Homework1\Homework1.cpp(27,26): warning C4566: character represented by universal-character-name '\u0446' cannot be represented in the current code page (1252)
C:\Users\serin\source\repos\Homework1\Homework1\Homework1.cpp(27,26): warning C4566: character represented by universal-character-name '\u0438' cannot be represented in the current code page (1252)
C:\Users\serin\source\repos\Homework1\Homework1\Homework1.cpp(27,26): warning C4566: character represented by universal-character-name '\u043E' cannot be represented in the current code page (1252)
C:\Users\serin\source\repos\Homework1\Homework1\Homework1.cpp(27,26): warning C4566: character represented by universal-character-name '\u043D' cannot be represented in the current code page (1252)
C:\Users\serin\source\repos\Homework1\Homework1\Homework1.cpp(27,26): warning C4566: character represented by universal-character-name '\u043B' cannot be represented in the current code page (1252)
C:\Users\serin\source\repos\Homework1\Homework1\Homework1.cpp(27,26): warning C4566: character represented by universal-character-name '\u0441' cannot be represented in the current code page (1252)
C:\Users\serin\source\repos\Homework1\Homework1\Homework1.cpp(27,26): warning C4566: character represented by universal-character-name '\u0442' cannot be represented in the current code page (1252)
C:\Users\serin\source\repos\Homework1\Homework1\Homework1.cpp(27,26): warning C4566: character represented by universal-character-name '\u0411' cannot be represented in the current code page (1252)
C:\Users\serin\source\repos\Homework1\Homework1\Homework1.cpp(27,26): warning C4566: character represented by universal-character-name '\u044A' cannot be represented in the current code page (1252)
C:\Users\serin\source\repos\Homework1\Homework1\Homework1.cpp(27,26): warning C4566: character represented by universal-character-name '\u0433' cannot be represented in the current code page (1252)
C:\Users\serin\source\repos\Homework1\Homework1\Homework1.cpp(27,26): warning C4566: character represented by universal-character-name '\u0440' cannot be represented in the current code page (1252)
C:\Users\serin\source\repos\Homework1\Homework1\Homework1.cpp(27,26): warning C4566: character represented by universal-character-name '\u043A' cannot be represented in the current code page (1252)
C:\Users\serin\source\repos\Homework1\Homework1\Homework1.cpp(27,95): warning C4566: character represented by universal-character-name '\u041D' cannot be represented in the current code page (1252)
C:\Users\serin\source\repos\Homework1\Homework1\Homework1.cpp(27,95): warning C4566: character represented by universal-character-name '\u0430' cannot be represented in the current code page (1252)
C:\Users\serin\source\repos\Homework1\Homework1\Homework1.cpp(27,95): warning C4566: character represented by universal-character-name '\u0446' cannot be represented in the current code page (1252)
C:\Users\serin\source\repos\Homework1\Homework1\Homework1.cpp(27,95): warning C4566: character represented by universal-character-name '\u0438' cannot be represented in the current code page (1252)
C:\Users\serin\source\repos\Homework1\Homework1\Homework1.cpp(27,95): warning C4566: character represented by universal-character-name '\u043E' cannot be represented in the current code page (1252)
C:\Users\serin\source\repos\Homework1\Homework1\Homework1.cpp(27,95): warning C4566: character represented by universal-character-name '\u043D' cannot be represented in the current code page (1252)
C:\Users\serin\source\repos\Homework1\Homework1\Homework1.cpp(27,95): warning C4566: character represented by universal-character-name '\u043B' cannot be represented in the current code page (1252)
C:\Users\serin\source\repos\Homework1\Homework1\Homework1.cpp(27,95): warning C4566: character represented by universal-character-name '\u0441' cannot be represented in the current code page (1252)
C:\Users\serin\source\repos\Homework1\Homework1\Homework1.cpp(27,95): warning C4566: character represented by universal-character-name '\u0442' cannot be represented in the current code page (1252)
C:\Users\serin\source\repos\Homework1\Homework1\Homework1.cpp(27,95): warning C4566: character represented by universal-character-name '\u0414' cannot be represented in the current code page (1252)
C:\Users\serin\source\repos\Homework1\Homework1\Homework1.cpp(27,95): warning C4566: character represented by universal-character-name '\u0440' cannot be represented in the current code page (1252)
C:\Users\serin\source\repos\Homework1\Homework1\Homework1.cpp(27,95): warning C4566: character represented by universal-character-name '\u0443' cannot be represented in the current code page (1252)
C:\Users\serin\source\repos\Homework1\Homework1\Homework1.cpp(27,95): warning C4566: character represented by universal-character-name '\u0433' cannot be represented in the current code page (1252)
C:\Users\serin\source\repos\Homework1\Homework1\Homework1.cpp(38,11): warning C4566: character represented by universal-character-name '\u041D' cannot be represented in the current code page (1252)
C:\Users\serin\source\repos\Homework1\Homework1\Homework1.cpp(38,11): warning C4566: character represented by universal-character-name '\u044F' cannot be represented in the current code page (1252)
C:\Users\serin\source\repos\Homework1\Homework1\Homework1.cpp(38,11): warning C4566: character represented by universal-character-name '\u043C' cannot be represented in the current code page (1252)
C:\Users\serin\source\repos\Homework1\Homework1\Homework1.cpp(38,11): warning C4566: character represented by universal-character-name '\u0430' cannot be represented in the current code page (1252)
C:\Users\serin\source\repos\Homework1\Homework1\Homework1.cpp(38,11): warning C4566: character represented by universal-character-name '\u0432' cannot be represented in the current code page (1252)
C:\Users\serin\source\repos\Homework1\Homework1\Homework1.cpp(38,11): warning C4566: character represented by universal-character-name '\u044A' cannot be represented in the current code page (1252)
C:\Users\serin\source\repos\Homework1\Homework1\Homework1.cpp(38,11): warning C4566: character represented by universal-character-name '\u0435' cannot be represented in the current code page (1252)
C:\Users\serin\source\repos\Homework1\Homework1\Homework1.cpp(38,11): warning C4566: character represented by universal-character-name '\u0434' cannot be represented in the current code page (1252)
C:\Users\serin\source\repos\Homework1\Homework1\Homework1.cpp(38,11): warning C4566: character represented by universal-character-name '\u043D' cannot be represented in the current code page (1252)
C:\Users\serin\source\repos\Homework1\Homework1\Homework1.cpp(38,11): warning C4566: character represented by universal-character-name '\u0438' cannot be represented in the current code page (1252)
C:\Users\serin\source\repos\Homework1\Homework1\Homework1.cpp(38,11): warning C4566: character represented by universal-character-name '\u0444' cannot be represented in the current code page (1252)
C:\Users\serin\source\repos\Homework1\Homework1\Homework1.cpp(38,11): warning C4566: character represented by universal-character-name '\u043E' cannot be represented in the current code page (1252)
C:\Users\serin\source\repos\Homework1\Homework1\Homework1.cpp(38,11): warning C4566: character represented by universal-character-name '\u0440' cannot be represented in the current code page (1252)
C:\Users\serin\source\repos\Homework1\Homework1\Homework1.cpp(38,11): warning C4566: character represented by universal-character-name '\u0446' cannot be represented in the current code page (1252)
C:\Users\serin\source\repos\Homework1\Homework1\Homework1.cpp(42,20): warning C4267: 'initializing': conversion from 'size_t' to 'int', possible loss of data
C:\Users\serin\source\repos\Homework1\Homework1\Homework1.cpp(46,13): warning C4267: 'initializing': conversion from 'size_t' to 'int', possible loss of data
C:\Users\serin\source\repos\Homework1\Homework1\Homework1.cpp(47,17): warning C4267: 'initializing': conversion from 'size_t' to 'int', possible loss of data
C:\Users\serin\source\repos\Homework1\Homework1\Homework1.cpp(55,11): warning C4566: character represented by universal-character-name '\u041F' cannot be represented in the current code page (1252)
C:\Users\serin\source\repos\Homework1\Homework1\Homework1.cpp(55,11): warning C4566: character represented by universal-character-name '\u0440' cannot be represented in the current code page (1252)
C:\Users\serin\source\repos\Homework1\Homework1\Homework1.cpp(55,11): warning C4566: character represented by universal-character-name '\u043E' cannot be represented in the current code page (1252)
C:\Users\serin\source\repos\Homework1\Homework1\Homework1.cpp(55,11): warning C4566: character represented by universal-character-name '\u0442' cannot be represented in the current code page (1252)
C:\Users\serin\source\repos\Homework1\Homework1\Homework1.cpp(55,11): warning C4566: character represented by universal-character-name '\u043A' cannot be represented in the current code page (1252)
C:\Users\serin\source\repos\Homework1\Homework1\Homework1.cpp(55,11): warning C4566: character represented by universal-character-name '\u043B' cannot be represented in the current code page (1252)
C:\Users\serin\source\repos\Homework1\Homework1\Homework1.cpp(56,11): warning C4566: character represented by universal-character-name '\u0425' cannot be represented in the current code page (1252)
C:\Users\serin\source\repos\Homework1\Homework1\Homework1.cpp(56,11): warning C4566: character represented by universal-character-name '\u043E' cannot be represented in the current code page (1252)
C:\Users\serin\source\repos\Homework1\Homework1\Homework1.cpp(56,11): warning C4566: character represented by universal-character-name '\u0441' cannot be represented in the current code page (1252)
C:\Users\serin\source\repos\Homework1\Homework1\Homework1.cpp(56,11): warning C4566: character represented by universal-character-name '\u0442' cannot be represented in the current code page (1252)
C:\Users\serin\source\repos\Homework1\Homework1\Homework1.cpp(57,11): warning C4566: character represented by universal-character-name '\u041F' cannot be represented in the current code page (1252)
C:\Users\serin\source\repos\Homework1\Homework1\Homework1.cpp(57,11): warning C4566: character represented by universal-character-name '\u044A' cannot be represented in the current code page (1252)
C:\Users\serin\source\repos\Homework1\Homework1\Homework1.cpp(57,11): warning C4566: character represented by universal-character-name '\u0442' cannot be represented in the current code page (1252)
C:\Users\serin\source\repos\Homework1\Homework1\Homework1.cpp(58,11): warning C4566: character represented by universal-character-name '\u0424' cannot be represented in the current code page (1252)
C:\Users\serin\source\repos\Homework1\Homework1\Homework1.cpp(58,11): warning C4566: character represented by universal-character-name '\u0430' cannot be represented in the current code page (1252)
C:\Users\serin\source\repos\Homework1\Homework1\Homework1.cpp(58,11): warning C4566: character represented by universal-character-name '\u0439' cannot be represented in the current code page (1252)
C:\Users\serin\source\repos\Homework1\Homework1\Homework1.cpp(58,11): warning C4566: character represented by universal-character-name '\u043B' cannot be represented in the current code page (1252)
  Homework1.vcxproj -> C:\Users\serin\source\repos\Homework1\x64\Debug\Homework1.exe
